<?xml version="1.0" encoding="UTF-8"?>
<!-- Generated by org.testng.reporters.JUnitReportReporter -->
<testsuite hostname="Sumeyras-MacBook-Air.local" failures="0" tests="1" name="SimpleTest" time="0.007" errors="0" timestamp="2020-02-23T12:10:36 EST" skipped="0">
  <testcase classname="SimpleTest" name="passingTest" time="0.007"/>
  <system-out/>
</testsuite> <!-- SimpleTest -->
